# JRE version: OpenJDK Runtime Environment Temurin-17.0.14+7 (17.0.14+7) (build 17.0.14+7)
# Java VM: OpenJDK 64-Bit Server VM Temurin-17.0.14+7 (17.0.14+7, mixed mode, sharing, tiered, compressed oops, compressed class ptrs, g1 gc, windows-amd64)
GC Precious Log:
 CPUs: 12 total, 12 available
 Memory: 16107M
 Large Page Support: Disabled
 NUMA Support: Disabled
 Compressed Oops: Enabled (32-bit)
 Heap Region Size: 1M
 Heap Min Capacity: 256M
 Heap Initial Capacity: 256M
 Heap Max Capacity: 512M
 Pre-touch: Disabled
 Parallel Workers: 10
 Concurrent Workers: 3
 Concurrent Refinement Workers: 10
 Periodic GC: Disabled
Heap:
 garbage-first heap   total 262144K, used 81022K [0x00000000e0000000, 0x0000000100000000)
  region size 1024K, 22 young (22528K), 7 survivors (7168K)
 Metaspace       used 58320K, committed 58944K, reserved 393216K
  class space    used 8036K, committed 8320K, reserved 327680K
GC Heap History (20 events):
Event: 2.767 GC heap before
{Heap before GC invocations=0 (full 0):
 garbage-first heap   total 262144K, used 23552K [0x00000000e0000000, 0x0000000100000000)
  region size 1024K, 23 young (23552K), 0 survivors (0K)
 Metaspace       used 1117K, committed 1280K, reserved 393216K
  class space    used 78K, committed 128K, reserved 327680K
}
Event: 2.773 GC heap after
{Heap after GC invocations=1 (full 0):
 garbage-first heap   total 262144K, used 2527K [0x00000000e0000000, 0x0000000100000000)
  region size 1024K, 3 young (3072K), 3 survivors (3072K)
 Metaspace       used 1117K, committed 1280K, reserved 393216K
  class space    used 78K, committed 128K, reserved 327680K
}
Event: 5.150 GC heap before
{Heap before GC invocations=1 (full 0):
 garbage-first heap   total 262144K, used 39391K [0x00000000e0000000, 0x0000000100000000)
  region size 1024K, 36 young (36864K), 3 survivors (3072K)
 Metaspace       used 4420K, committed 4608K, reserved 393216K
  class space    used 552K, committed 640K, reserved 327680K
}
Event: 5.157 GC heap after
{Heap after GC invocations=2 (full 0):
 garbage-first heap   total 262144K, used 10747K [0x00000000e0000000, 0x0000000100000000)
  region size 1024K, 5 young (5120K), 5 survivors (5120K)
 Metaspace       used 4420K, committed 4608K, reserved 393216K
  class space    used 552K, committed 640K, reserved 327680K
}
Event: 7.472 GC heap before
{Heap before GC invocations=2 (full 0):
 garbage-first heap   total 262144K, used 58875K [0x00000000e0000000, 0x0000000100000000)
  region size 1024K, 50 young (51200K), 5 survivors (5120K)
 Metaspace       used 4727K, committed 4928K, reserved 393216K
  class space    used 597K, committed 704K, reserved 327680K
}
Event: 7.478 GC heap after
{Heap after GC invocations=3 (full 0):
 garbage-first heap   total 262144K, used 16238K [0x00000000e0000000, 0x0000000100000000)
  region size 1024K, 5 young (5120K), 5 survivors (5120K)
 Metaspace       used 4727K, committed 4928K, reserved 393216K
  class space    used 597K, committed 704K, reserved 327680K
}
Event: 16.886 GC heap before
{Heap before GC invocations=3 (full 0):
 garbage-first heap   total 262144K, used 127854K [0x00000000e0000000, 0x0000000100000000)
  region size 1024K, 115 young (117760K), 5 survivors (5120K)
 Metaspace       used 21211K, committed 21504K, reserved 393216K
  class space    used 3107K, committed 3264K, reserved 327680K
}
Event: 16.899 GC heap after
{Heap after GC invocations=4 (full 0):
 garbage-first heap   total 262144K, used 23813K [0x00000000e0000000, 0x0000000100000000)
  region size 1024K, 12 young (12288K), 12 survivors (12288K)
 Metaspace       used 21211K, committed 21504K, reserved 393216K
  class space    used 3107K, committed 3264K, reserved 327680K
}
Event: 19.264 GC heap before
{Heap before GC invocations=5 (full 0):
 garbage-first heap   total 262144K, used 145669K [0x00000000e0000000, 0x0000000100000000)
  region size 1024K, 128 young (131072K), 12 survivors (12288K)
 Metaspace       used 35760K, committed 36160K, reserved 393216K
  class space    used 4970K, committed 5184K, reserved 327680K
}
Event: 19.277 GC heap after
{Heap after GC invocations=6 (full 0):
 garbage-first heap   total 262144K, used 32317K [0x00000000e0000000, 0x0000000100000000)
  region size 1024K, 16 young (16384K), 16 survivors (16384K)
 Metaspace       used 35760K, committed 36160K, reserved 393216K
  class space    used 4970K, committed 5184K, reserved 327680K
}
Event: 22.067 GC heap before
{Heap before GC invocations=7 (full 0):
 garbage-first heap   total 262144K, used 174653K [0x00000000e0000000, 0x0000000100000000)
  region size 1024K, 153 young (156672K), 16 survivors (16384K)
 Metaspace       used 48832K, committed 49344K, reserved 393216K
  class space    used 6938K, committed 7168K, reserved 327680K
}
Event: 22.081 GC heap after
{Heap after GC invocations=8 (full 0):
 garbage-first heap   total 262144K, used 39229K [0x00000000e0000000, 0x0000000100000000)
  region size 1024K, 16 young (16384K), 16 survivors (16384K)
 Metaspace       used 48832K, committed 49344K, reserved 393216K
  class space    used 6938K, committed 7168K, reserved 327680K
}
Event: 22.096 GC heap before
{Heap before GC invocations=8 (full 0):
 garbage-first heap   total 262144K, used 40253K [0x00000000e0000000, 0x0000000100000000)
  region size 1024K, 17 young (17408K), 16 survivors (16384K)
 Metaspace       used 48903K, committed 49408K, reserved 393216K
  class space    used 6948K, committed 7168K, reserved 327680K
}
Event: 22.105 GC heap after
{Heap after GC invocations=9 (full 0):
 garbage-first heap   total 262144K, used 40942K [0x00000000e0000000, 0x0000000100000000)
  region size 1024K, 3 young (3072K), 3 survivors (3072K)
 Metaspace       used 48903K, committed 49408K, reserved 393216K
  class space    used 6948K, committed 7168K, reserved 327680K
}
Event: 24.943 GC heap before
{Heap before GC invocations=9 (full 0):
 garbage-first heap   total 262144K, used 194542K [0x00000000e0000000, 0x0000000100000000)
  region size 1024K, 153 young (156672K), 3 survivors (3072K)
 Metaspace       used 54946K, committed 55552K, reserved 393216K
  class space    used 7719K, committed 8000K, reserved 327680K
}
Event: 24.952 GC heap after
{Heap after GC invocations=10 (full 0):
 garbage-first heap   total 262144K, used 53455K [0x00000000e0000000, 0x0000000100000000)
  region size 1024K, 15 young (15360K), 15 survivors (15360K)
 Metaspace       used 54946K, committed 55552K, reserved 393216K
  class space    used 7719K, committed 8000K, reserved 327680K
}
Event: 26.739 GC heap before
{Heap before GC invocations=10 (full 0):
 garbage-first heap   total 262144K, used 194767K [0x00000000e0000000, 0x0000000100000000)
  region size 1024K, 153 young (156672K), 15 survivors (15360K)
 Metaspace       used 56126K, committed 56704K, reserved 393216K
  class space    used 7735K, committed 8000K, reserved 327680K
}
Event: 26.755 GC heap after
{Heap after GC invocations=11 (full 0):
 garbage-first heap   total 262144K, used 69400K [0x00000000e0000000, 0x0000000100000000)
  region size 1024K, 16 young (16384K), 16 survivors (16384K)
 Metaspace       used 56126K, committed 56704K, reserved 393216K
  class space    used 7735K, committed 8000K, reserved 327680K
}
Event: 28.089 GC heap before
{Heap before GC invocations=11 (full 0):
 garbage-first heap   total 262144K, used 200472K [0x00000000e0000000, 0x0000000100000000)
  region size 1024K, 144 young (147456K), 16 survivors (16384K)
 Metaspace       used 57038K, committed 57728K, reserved 393216K
  class space    used 7824K, committed 8192K, reserved 327680K
}
Event: 28.096 GC heap after
{Heap after GC invocations=12 (full 0):
 garbage-first heap   total 262144K, used 66686K [0x00000000e0000000, 0x0000000100000000)
  region size 1024K, 7 young (7168K), 7 survivors (7168K)
 Metaspace       used 57038K, committed 57728K, reserved 393216K
  class space    used 7824K, committed 8192K, reserved 327680K
}

